This is pdfTeX, Version 3.141592653-2.6-1.40.22 (TeX Live 2022/dev/Debian) (preloaded format=pdflatex 2025.1.15)  17 JAN 2025 14:06
entering extended mode
 restricted \write18 enabled.
 file:line:error style messages enabled.
 %&-line parsing enabled.
**/home/grahampelle/cce3015/assignment-2/_latex/CCE3015-Assignment2.tex
(/home/grahampelle/cce3015/assignment-2/_latex/CCE3015-Assignment2.tex
LaTeX2e <2021-11-15> patch level 1
L3 programming layer <2022-01-21> (./IEEEtran.cls
Document Class: IEEEtran 2015/08/26 V1.8b by Michael Shell
-- See the "IEEEtran_HOWTO" manual for usage information.
-- http://www.michaelshell.org/tex/ieeetran/
\@IEEEtrantmpdimenA=\dimen138
\@IEEEtrantmpdimenB=\dimen139
\@IEEEtrantmpdimenC=\dimen140
\@IEEEtrantmpcountA=\count185
\@IEEEtrantmpcountB=\count186
\@IEEEtrantmpcountC=\count187
\@IEEEtrantmptoksA=\toks16
LaTeX Font Info:    Trying to load font information for OT1+ptm on input line 503.
(/usr/share/texlive/texmf-dist/tex/latex/psnfss/ot1ptm.fd
File: ot1ptm.fd 2001/06/04 font definitions for OT1/ptm.
)
-- Using 8.5in x 11in (letter) paper.
-- Using PDF output.
\@IEEEnormalsizeunitybaselineskip=\dimen141
-- This is an 11 point document.
\CLASSINFOnormalsizebaselineskip=\dimen142
\CLASSINFOnormalsizeunitybaselineskip=\dimen143
\IEEEnormaljot=\dimen144
LaTeX Font Info:    Font shape `OT1/ptm/bx/n' in size <6> not available
(Font)              Font shape `OT1/ptm/b/n' tried instead on input line 1086.
LaTeX Font Info:    Font shape `OT1/ptm/bx/it' in size <6> not available
(Font)              Font shape `OT1/ptm/b/it' tried instead on input line 1086.
LaTeX Font Info:    Font shape `OT1/ptm/bx/n' in size <8> not available
(Font)              Font shape `OT1/ptm/b/n' tried instead on input line 1086.
LaTeX Font Info:    Font shape `OT1/ptm/bx/it' in size <8> not available
(Font)              Font shape `OT1/ptm/b/it' tried instead on input line 1086.
LaTeX Font Info:    Font shape `OT1/ptm/bx/n' in size <9> not available
(Font)              Font shape `OT1/ptm/b/n' tried instead on input line 1086.
LaTeX Font Info:    Font shape `OT1/ptm/bx/it' in size <9> not available
(Font)              Font shape `OT1/ptm/b/it' tried instead on input line 1086.
LaTeX Font Info:    Font shape `OT1/ptm/bx/n' in size <10> not available
(Font)              Font shape `OT1/ptm/b/n' tried instead on input line 1086.
LaTeX Font Info:    Font shape `OT1/ptm/bx/it' in size <10> not available
(Font)              Font shape `OT1/ptm/b/it' tried instead on input line 1086.
LaTeX Font Info:    Font shape `OT1/ptm/bx/n' in size <11> not available
(Font)              Font shape `OT1/ptm/b/n' tried instead on input line 1086.
LaTeX Font Info:    Font shape `OT1/ptm/bx/it' in size <11> not available
(Font)              Font shape `OT1/ptm/b/it' tried instead on input line 1086.
LaTeX Font Info:    Font shape `OT1/ptm/bx/n' in size <12> not available
(Font)              Font shape `OT1/ptm/b/n' tried instead on input line 1086.
LaTeX Font Info:    Font shape `OT1/ptm/bx/it' in size <12> not available
(Font)              Font shape `OT1/ptm/b/it' tried instead on input line 1086.
LaTeX Font Info:    Font shape `OT1/ptm/bx/n' in size <17> not available
(Font)              Font shape `OT1/ptm/b/n' tried instead on input line 1086.
LaTeX Font Info:    Font shape `OT1/ptm/bx/it' in size <17> not available
(Font)              Font shape `OT1/ptm/b/it' tried instead on input line 1086.
LaTeX Font Info:    Font shape `OT1/ptm/bx/n' in size <20> not available
(Font)              Font shape `OT1/ptm/b/n' tried instead on input line 1086.
LaTeX Font Info:    Font shape `OT1/ptm/bx/it' in size <20> not available
(Font)              Font shape `OT1/ptm/b/it' tried instead on input line 1086.
LaTeX Font Info:    Font shape `OT1/ptm/bx/n' in size <24> not available
(Font)              Font shape `OT1/ptm/b/n' tried instead on input line 1086.
LaTeX Font Info:    Font shape `OT1/ptm/bx/it' in size <24> not available
(Font)              Font shape `OT1/ptm/b/it' tried instead on input line 1086.
\IEEEquantizedlength=\dimen145
\IEEEquantizedlengthdiff=\dimen146
\IEEEquantizedtextheightdiff=\dimen147
\IEEEilabelindentA=\dimen148
\IEEEilabelindentB=\dimen149
\IEEEilabelindent=\dimen150
\IEEEelabelindent=\dimen151
\IEEEdlabelindent=\dimen152
\IEEElabelindent=\dimen153
\IEEEiednormlabelsep=\dimen154
\IEEEiedmathlabelsep=\dimen155
\IEEEiedtopsep=\skip47
\c@section=\count188
\c@subsection=\count189
\c@subsubsection=\count190
\c@paragraph=\count191
\c@IEEEsubequation=\count192
\abovecaptionskip=\skip48
\belowcaptionskip=\skip49
\c@figure=\count193
\c@table=\count194
\@IEEEeqnnumcols=\count195
\@IEEEeqncolcnt=\count196
\@IEEEsubeqnnumrollback=\count197
\@IEEEquantizeheightA=\dimen156
\@IEEEquantizeheightB=\dimen157
\@IEEEquantizeheightC=\dimen158
\@IEEEquantizeprevdepth=\dimen159
\@IEEEquantizemultiple=\count198
\@IEEEquantizeboxA=\box50
\@IEEEtmpitemindent=\dimen160
\IEEEPARstartletwidth=\dimen161
\c@IEEEbiography=\count199
\@IEEEtranrubishbin=\box51
) (/usr/share/texlive/texmf-dist/tex/latex/amsmath/amsmath.sty
Package: amsmath 2021/10/15 v2.17l AMS math features
\@mathmargin=\skip50

For additional information on amsmath, use the `?' option.
(/usr/share/texlive/texmf-dist/tex/latex/amsmath/amstext.sty
Package: amstext 2021/08/26 v2.01 AMS text
 (/usr/share/texlive/texmf-dist/tex/latex/amsmath/amsgen.sty
File: amsgen.sty 1999/11/30 v2.0 generic functions
\@emptytoks=\toks17
\ex@=\dimen162
)) (/usr/share/texlive/texmf-dist/tex/latex/amsmath/amsbsy.sty
Package: amsbsy 1999/11/29 v1.2d Bold Symbols
\pmbraise@=\dimen163
) (/usr/share/texlive/texmf-dist/tex/latex/amsmath/amsopn.sty
Package: amsopn 2021/08/26 v2.02 operator names
)
\inf@bad=\count266
LaTeX Info: Redefining \frac on input line 234.
\uproot@=\count267
\leftroot@=\count268
LaTeX Info: Redefining \overline on input line 399.
\classnum@=\count269
\DOTSCASE@=\count270
LaTeX Info: Redefining \ldots on input line 496.
LaTeX Info: Redefining \dots on input line 499.
LaTeX Info: Redefining \cdots on input line 620.
\Mathstrutbox@=\box52
\strutbox@=\box53
\big@size=\dimen164
LaTeX Font Info:    Redeclaring font encoding OML on input line 743.
LaTeX Font Info:    Redeclaring font encoding OMS on input line 744.
\macc@depth=\count271
\c@MaxMatrixCols=\count272
\dotsspace@=\muskip16
\c@parentequation=\count273
\dspbrk@lvl=\count274
\tag@help=\toks18
\row@=\count275
\column@=\count276
\maxfields@=\count277
\andhelp@=\toks19
\eqnshift@=\dimen165
\alignsep@=\dimen166
\tagshift@=\dimen167
\tagwidth@=\dimen168
\totwidth@=\dimen169
\lineht@=\dimen170
\@envbody=\toks20
\multlinegap=\skip51
\multlinetaggap=\skip52
\mathdisplay@stack=\toks21
LaTeX Info: Redefining \[ on input line 2938.
LaTeX Info: Redefining \] on input line 2939.
) (/usr/share/texlive/texmf-dist/tex/latex/amsfonts/amsfonts.sty
Package: amsfonts 2013/01/14 v3.01 Basic AMSFonts support
\symAMSa=\mathgroup4
\symAMSb=\mathgroup5
LaTeX Font Info:    Redeclaring math symbol \hbar on input line 98.
LaTeX Font Info:    Overwriting math alphabet `\mathfrak' in version `bold'
(Font)                  U/euf/m/n --> U/euf/b/n on input line 106.
) (/usr/share/texlive/texmf-dist/tex/latex/algorithms/algorithmic.sty
Package: algorithmic 2009/08/24 v0.1 Document Style `algorithmic'
 (/usr/share/texlive/texmf-dist/tex/latex/base/ifthen.sty
Package: ifthen 2020/11/24 v1.1c Standard LaTeX ifthen package (DPC)
) (/usr/share/texlive/texmf-dist/tex/latex/graphics/keyval.sty
Package: keyval 2014/10/28 v1.15 key=value parser (DPC)
\KV@toks@=\toks22
)
\c@ALC@unique=\count278
\c@ALC@line=\count279
\c@ALC@rem=\count280
\c@ALC@depth=\count281
\ALC@tlm=\skip53
\algorithmicindent=\skip54
) (/usr/share/texlive/texmf-dist/tex/latex/tools/array.sty
Package: array 2021/10/04 v2.5f Tabular extension package (FMi)
\col@sep=\dimen171
\ar@mcellbox=\box54
\extrarowheight=\dimen172
\NC@list=\toks23
\extratabsurround=\skip55
\backup@length=\skip56
\ar@cellbox=\box55
) (/usr/share/texlive/texmf-dist/tex/latex/subfig/subfig.sty
Package: subfig 2005/06/28 ver: 1.3 subfig package
 (/usr/share/texlive/texmf-dist/tex/latex/caption/caption3.sty
Package: caption3 2020/10/21 v2.2e caption3 kernel (AR)
\captionmargin=\dimen173
\captionmargin@=\dimen174
\captionwidth=\dimen175
\caption@tempdima=\dimen176
\caption@indent=\dimen177
\caption@parindent=\dimen178
\caption@hangindent=\dimen179
Package caption Info: Unknown document class (or package),
(caption)             standard defaults will be used.
Package caption Info: \@makecaption = \long macro:#1#2->\ifx \@captype \@IEEEtablestring \footnotesize \bgroup \par \centering \@IEEEtabletopskipstrut {\normalfont \footnotesize #1}\\{\normalfont \footnotesize \scshape #2}\par \addvspace {0.5\baselineskip }\egroup \@IEEEtablecaptionsepspace \else \@IEEEfigurecaptionsepspace \setbox \@tempboxa \hbox {\normalfont \footnotesize {#1.}\nobreakspace \nobreakspace #2}\ifdim \wd \@tempboxa >\hsize \setbox \@tempboxa \hbox {\normalfont \footnotesize {#1.}\nobreakspace \nobreakspace }\parbox [t]{\hsize }{\normalfont \footnotesize \noindent \unhbox \@tempboxa #2}\else \ifCLASSOPTIONconference \hbox to\hsize {\normalfont \footnotesize \hfil \box \@tempboxa \hfil }\else \hbox to\hsize {\normalfont \footnotesize \box \@tempboxa \hfil }\fi \fi \fi  on input line 1139.
)
\c@KVtest=\count282
\sf@farskip=\skip57
\sf@captopadj=\dimen180
\sf@capskip=\skip58
\sf@nearskip=\skip59
\c@subfigure=\count283
\c@subfigure@save=\count284
\c@lofdepth=\count285
\c@subtable=\count286
\c@subtable@save=\count287
\c@lotdepth=\count288
\sf@top=\skip60
\sf@bottom=\skip61
) (/usr/share/texlive/texmf-dist/tex/latex/base/textcomp.sty
Package: textcomp 2020/02/02 v2.0n Standard LaTeX package
) (/usr/share/texlive/texmf-dist/tex/latex/sttools/stfloats.sty
Package: stfloats 2017/03/27 v3.3 Improve float mechanism and baselineskip settings
\@dblbotnum=\count289
\c@dblbotnumber=\count290
) (/usr/share/texlive/texmf-dist/tex/latex/url/url.sty
\Urlmuskip=\muskip17
Package: url 2013/09/16  ver 3.4  Verb mode for urls, etc.
) (/usr/share/texlive/texmf-dist/tex/latex/tools/verbatim.sty
Package: verbatim 2020-07-07 v1.5u LaTeX2e package for verbatim enhancements
\every@verbatim=\toks24
\verbatim@line=\toks25
\verbatim@in@stream=\read2
) (/usr/share/texlive/texmf-dist/tex/latex/graphics/graphicx.sty
Package: graphicx 2021/09/16 v1.2d Enhanced LaTeX Graphics (DPC,SPQR)
 (/usr/share/texlive/texmf-dist/tex/latex/graphics/graphics.sty
Package: graphics 2021/03/04 v1.4d Standard LaTeX Graphics (DPC,SPQR)
 (/usr/share/texlive/texmf-dist/tex/latex/graphics/trig.sty
Package: trig 2021/08/11 v1.11 sin cos tan (DPC)
) (/usr/share/texlive/texmf-dist/tex/latex/graphics-cfg/graphics.cfg
File: graphics.cfg 2016/06/04 v1.11 sample graphics configuration
)
Package graphics Info: Driver file: pdftex.def on input line 107.
 (/usr/share/texlive/texmf-dist/tex/latex/graphics-def/pdftex.def
File: pdftex.def 2020/10/05 v1.2a Graphics/color driver for pdftex
))
\Gin@req@height=\dimen181
\Gin@req@width=\dimen182
) (/usr/share/texlive/texmf-dist/tex/latex/preprint/balance.sty
Package: balance 1999/02/23 4.3 (PWD)
\oldvsize=\dimen183
) (/usr/share/texlive/texmf-dist/tex/latex/l3backend/l3backend-pdftex.def
File: l3backend-pdftex.def 2022-01-12 L3 backend support: PDF output (pdfTeX)
\l__color_backend_stack_int=\count291
\l__pdf_internal_box=\box56
) (./CCE3015-Assignment2.aux)
\openout1 = `CCE3015-Assignment2.aux'.

LaTeX Font Info:    Checking defaults for OML/cmm/m/it on input line 17.
LaTeX Font Info:    ... okay on input line 17.
LaTeX Font Info:    Checking defaults for OMS/cmsy/m/n on input line 17.
LaTeX Font Info:    ... okay on input line 17.
LaTeX Font Info:    Checking defaults for OT1/cmr/m/n on input line 17.
LaTeX Font Info:    ... okay on input line 17.
LaTeX Font Info:    Checking defaults for T1/cmr/m/n on input line 17.
LaTeX Font Info:    ... okay on input line 17.
LaTeX Font Info:    Checking defaults for TS1/cmr/m/n on input line 17.
LaTeX Font Info:    ... okay on input line 17.
LaTeX Font Info:    Checking defaults for OMX/cmex/m/n on input line 17.
LaTeX Font Info:    ... okay on input line 17.
LaTeX Font Info:    Checking defaults for U/cmr/m/n on input line 17.
LaTeX Font Info:    ... okay on input line 17.

-- Lines per column: 52 (exact).
Package caption Info: Begin \AtBeginDocument code.
Package caption Info: subfig package v1.3 is loaded.
Package caption Info: End \AtBeginDocument code.
(/usr/share/texlive/texmf-dist/tex/context/base/mkii/supp-pdf.mkii
[Loading MPS to PDF converter (version 2006.09.02).]
\scratchcounter=\count292
\scratchdimen=\dimen184
\scratchbox=\box57
\nofMPsegments=\count293
\nofMParguments=\count294
\everyMPshowfont=\toks26
\MPscratchCnt=\count295
\MPscratchDim=\dimen185
\MPnumerator=\count296
\makeMPintoPDFobject=\count297
\everyMPtoPDFconversion=\toks27
) (/usr/share/texlive/texmf-dist/tex/latex/epstopdf-pkg/epstopdf-base.sty
Package: epstopdf-base 2020-01-24 v2.11 Base part for package epstopdf
Package epstopdf-base Info: Redefining graphics rule for `.eps' on input line 485.
 (/usr/share/texlive/texmf-dist/tex/latex/latexconfig/epstopdf-sys.cfg
File: epstopdf-sys.cfg 2010/07/13 v1.3 Configuration of (r)epstopdf for TeX Live
))
Underfull \hbox (badness 10000) in paragraph at lines 32--33
[]\OT1/ptm/m/n/11 The first as-sign-ment fo-cused on the se-rial
 []


Underfull \hbox (badness 10000) in paragraph at lines 32--33

 []


Underfull \hbox (badness 2521) in paragraph at lines 34--35
\OT1/ptm/m/n/11 Ad-di-tion-ally, this re-port pro-vides a more de-tailed
 []


Underfull \hbox (badness 10000) in paragraph at lines 34--35

 []

<assets/inverse.png, id=1, 595.47469pt x 292.84406pt>
File: assets/inverse.png Graphic file (type png)
<use assets/inverse.png>
Package pdftex.def Info: assets/inverse.png  used on input line 38.
(pdftex.def)             Requested size: 258.0pt x 126.87672pt.

Overfull \hbox (6.0pt too wide) in paragraph at lines 38--39
 [][] 
 []


Underfull \hbox (badness 10000) in paragraph at lines 43--44
[]\OT1/ptm/m/n/11 Earlier plans pro-posed par-al-leliz-ing all three
 []


Underfull \hbox (badness 4621) in paragraph at lines 43--44
\OT1/ptm/m/n/11 di-men-sions of the 3D DWT si-mul-ta-ne-ously, but
 []


Underfull \hbox (badness 4353) in paragraph at lines 43--44
\OT1/ptm/m/n/11 se-quen-tially, with sep-a-rate ker-nels for each, and
 []


Underfull \hbox (badness 3460) in paragraph at lines 43--44
\OT1/ptm/m/n/11 syn-chro-niza-tion en-sures one di-men-sion's trans-form
 []


Underfull \hbox (badness 3792) in paragraph at lines 43--44
\OT1/ptm/m/n/11 as-sump-tions, no syn-chro-niza-tion is needed within
 []


Underfull \hbox (badness 10000) in paragraph at lines 43--44

 []


Underfull \hbox (badness 1533) in paragraph at lines 45--46
\OT1/ptm/m/n/11 avoid ex-tra mem-ory man-age-ment or data copy-ing.
 []


Underfull \hbox (badness 10000) in paragraph at lines 45--46

 []


Underfull \hbox (badness 1460) in paragraph at lines 50--51
[]\OT1/ptm/m/n/11 The project meets all spec-i-fied re-quire-ments for
 []


Underfull \hbox (badness 3168) in paragraph at lines 50--51
\OT1/ptm/m/n/11 build con-fig-u-ra-tions and nam-ing con-ven-tions. The
 []


Underfull \hbox (badness 6110) in paragraph at lines 50--51
\OT1/ptm/m/n/11 Key in-cludes are 'idwt.h' for in-verse trans-form
 []


Underfull \hbox (badness 10000) in paragraph at lines 50--51

 []

[1{/var/lib/texmf/fonts/map/pdftex/updmap/pdftex.map}


 <./assets/inverse.png>]
Underfull \hbox (badness 1688) in paragraph at lines 56--57
\OT1/ptm/m/n/11 per-form-ing par-al-lel op-er-a-tions is the fact that the
 []


Underfull \hbox (badness 10000) in paragraph at lines 56--57

 []

<assets/block-dims.png, id=12, 161.85469pt x 97.11281pt>
File: assets/block-dims.png Graphic file (type png)
<use assets/block-dims.png>
Package pdftex.def Info: assets/block-dims.png  used on input line 62.
(pdftex.def)             Requested size: 154.80157pt x 92.8864pt.
LaTeX Font Info:    Trying to load font information for TS1+ptm on input line 66.
(/usr/share/texlive/texmf-dist/tex/latex/psnfss/ts1ptm.fd
File: ts1ptm.fd 2001/06/04 font definitions for TS1/ptm.
)
<assets/grid_block.png, id=13, 410.2828pt x 189.70876pt>
File: assets/grid_block.png Graphic file (type png)
<use assets/grid_block.png>
Package pdftex.def Info: assets/grid_block.png  used on input line 69.
(pdftex.def)             Requested size: 258.0pt x 119.29425pt.

Overfull \hbox (6.0pt too wide) in paragraph at lines 69--70
 [][] 
 []


LaTeX Warning: `h' float specifier changed to `ht'.

LaTeX Font Info:    Calculating math sizes for size <11> on input line 75.
LaTeX Font Info:    Trying to load font information for U+msa on input line 75.
(/usr/share/texlive/texmf-dist/tex/latex/amsfonts/umsa.fd
File: umsa.fd 2013/01/14 v3.01 AMS symbols A
)
LaTeX Font Info:    Trying to load font information for U+msb on input line 75.
 (/usr/share/texlive/texmf-dist/tex/latex/amsfonts/umsb.fd
File: umsb.fd 2013/01/14 v3.01 AMS symbols B
)
Underfull \hbox (badness 10000) in paragraph at lines 80--82

 []


Underfull \hbox (badness 10000) in paragraph at lines 94--95

 []


Underfull \hbox (badness 2384) in paragraph at lines 100--101
[]\OT1/ptm/m/n/11 This sec-tion dis-cusses the op-ti-miza-tion meth-ods
 []


Underfull \hbox (badness 10000) in paragraph at lines 100--101

 []

[2 <./assets/block-dims.png> <./assets/grid_block.png>]
Underfull \hbox (badness 2088) in paragraph at lines 102--103
\OT1/ptm/m/n/11 The co-ef-fi-cients are hard-coded as 2D vec-tors in
 []


Underfull \hbox (badness 4454) in paragraph at lines 102--103
\OT1/ptm/m/n/11 `as-sign-ment.cu`, with the db num-ber de-ter-min-ing
 []


Underfull \hbox (badness 1701) in paragraph at lines 102--103
\OT1/ptm/m/n/11 es-sen-tial for con-vo-lu-tion, are trans-ferred to de-vice
 []


Underfull \hbox (badness 3417) in paragraph at lines 102--103
\OT1/ptm/m/n/11 mem-ory us-ing ei-ther shared mem-ory or con-stant
 []


Underfull \hbox (badness 10000) in paragraph at lines 102--103

 []


Underfull \hbox (badness 3386) in paragraph at lines 104--105
\OT1/ptm/m/n/11 cre-ated for the co-ef-fi-cients along-side the vol-ume
 []


Underfull \hbox (badness 10000) in paragraph at lines 104--105

 []


Underfull \hbox (badness 10000) in paragraph at lines 106--107
[]\OT1/ptm/m/n/11 For con-stant mem-ory, the co-ef-fi-cients are
 []


Underfull \hbox (badness 4454) in paragraph at lines 106--107
\OT1/ptm/m/n/11 `cu-d-aMem-cpy-ToSym-bol` copies the co-ef-fi-cients to
 []


Underfull \hbox (badness 10000) in paragraph at lines 106--107

 []


Underfull \hbox (badness 4454) in paragraph at lines 108--109
[]\OT1/ptm/m/n/11 Both im-ple-men-ta-tions were an-a-lyzed us-ing the
 []

<assets/blamed-mem.png, id=23, 533.74406pt x 123.46124pt>
File: assets/blamed-mem.png Graphic file (type png)
<use assets/blamed-mem.png>
Package pdftex.def Info: assets/blamed-mem.png  used on input line 112.
(pdftex.def)             Requested size: 258.0pt x 59.68082pt.

Overfull \hbox (6.0pt too wide) in paragraph at lines 112--113
 [][] 
 []

<assets/blamed-mem-sum.png, id=24, 328.22626pt x 67.75313pt>
File: assets/blamed-mem-sum.png Graphic file (type png)
<use assets/blamed-mem-sum.png>
Package pdftex.def Info: assets/blamed-mem-sum.png  used on input line 119.
(pdftex.def)             Requested size: 258.0pt x 53.25763pt.

Overfull \hbox (6.0pt too wide) in paragraph at lines 119--120
 [][] 
 []


LaTeX Warning: `h' float specifier changed to `ht'.

<assets/blamed-event.png, id=25, 511.9125pt x 122.70844pt>
File: assets/blamed-event.png Graphic file (type png)
<use assets/blamed-event.png>
Package pdftex.def Info: assets/blamed-event.png  used on input line 128.
(pdftex.def)             Requested size: 258.0pt x 61.84462pt.

Overfull \hbox (6.0pt too wide) in paragraph at lines 128--129
 [][] 
 []

<assets/blamed-event-sum.png, id=26, 284.56313pt x 63.98906pt>
File: assets/blamed-event-sum.png Graphic file (type png)
<use assets/blamed-event-sum.png>
Package pdftex.def Info: assets/blamed-event-sum.png  used on input line 135.
(pdftex.def)             Requested size: 258.0pt x 58.02214pt.

Overfull \hbox (6.0pt too wide) in paragraph at lines 135--136
 [][] 
 []

<assets/shared-prof.png, id=27, 343.2825pt x 220.57407pt>
File: assets/shared-prof.png Graphic file (type png)
<use assets/shared-prof.png>
Package pdftex.def Info: assets/shared-prof.png  used on input line 144.
(pdftex.def)             Requested size: 258.0pt x 165.77342pt.

Overfull \hbox (6.0pt too wide) in paragraph at lines 144--145
 [][] 
 []

<assets/const-prof.png, id=28, 354.57469pt x 225.09094pt>
File: assets/const-prof.png Graphic file (type png)
<use assets/const-prof.png>
Package pdftex.def Info: assets/const-prof.png  used on input line 151.
(pdftex.def)             Requested size: 258.0pt x 163.78607pt.

Overfull \hbox (6.0pt too wide) in paragraph at lines 151--152
 [][] 
 []


LaTeX Warning: `h' float specifier changed to `ht'.

[3 <./assets/blamed-mem.png> <./assets/blamed-mem-sum.png> <./assets/blamed-event.png> <./assets/blamed-event-sum.png> <./assets/shared-prof.png>]
Underfull \hbox (badness 1762) in paragraph at lines 167--169
\OT1/ptm/m/n/11 through columns within rows at each depth, then
 []


Underfull \hbox (badness 2635) in paragraph at lines 167--169
\OT1/ptm/m/n/11 pro-gress-ing through rows at a depth, and fi-nally
 []


Underfull \hbox (badness 10000) in paragraph at lines 167--169

 []


Underfull \hbox (badness 1502) in paragraph at lines 170--171
\OT1/ptm/m/n/11 vol-ume back us-ing `cu-d-aMem-cpy`. The vol-ume is
 []


Underfull \hbox (badness 10000) in paragraph at lines 170--171

 []

<assets/packed-coeffs.png, id=37, 491.58656pt x 233.37187pt>
File: assets/packed-coeffs.png Graphic file (type png)
<use assets/packed-coeffs.png>
Package pdftex.def Info: assets/packed-coeffs.png  used on input line 176.
(pdftex.def)             Requested size: 258.0pt x 122.48645pt.

Overfull \hbox (6.0pt too wide) in paragraph at lines 176--177
 [][] 
 []

<assets/unoptim-sum.png, id=38, 438.13687pt x 254.45062pt>
File: assets/unoptim-sum.png Graphic file (type png)
<use assets/unoptim-sum.png>
Package pdftex.def Info: assets/unoptim-sum.png  used on input line 188.
(pdftex.def)             Requested size: 258.0pt x 149.83725pt.

Overfull \hbox (6.0pt too wide) in paragraph at lines 188--189
 [][] 
 []


LaTeX Warning: `h' float specifier changed to `ht'.

[4 <./assets/const-prof.png> <./assets/packed-coeffs.png>]
<assets/optim-sum.png, id=47, 480.29437pt x 268.75406pt>
File: assets/optim-sum.png Graphic file (type png)
<use assets/optim-sum.png>
Package pdftex.def Info: assets/optim-sum.png  used on input line 197.
(pdftex.def)             Requested size: 258.0pt x 144.36636pt.

Overfull \hbox (6.0pt too wide) in paragraph at lines 197--198
 [][] 
 []

<assets/1-subset.png, id=48, 391.4625pt x 91.84312pt>
File: assets/1-subset.png Graphic file (type png)
<use assets/1-subset.png>
Package pdftex.def Info: assets/1-subset.png  used on input line 211.
(pdftex.def)             Requested size: 258.0pt x 60.53395pt.

Overfull \hbox (6.0pt too wide) in paragraph at lines 211--212
 [][] 
 []

<assets/1-large.png, id=49, 381.67593pt x 82.80937pt>
File: assets/1-large.png Graphic file (type png)
<use assets/1-large.png>
Package pdftex.def Info: assets/1-large.png  used on input line 218.
(pdftex.def)             Requested size: 258.0pt x 55.97856pt.

Overfull \hbox (6.0pt too wide) in paragraph at lines 218--219
 [][] 
 []

<assets/correct-device.png, id=50, 529.22719pt x 280.79906pt>
File: assets/correct-device.png Graphic file (type png)
<use assets/correct-device.png>
Package pdftex.def Info: assets/correct-device.png  used on input line 227.
(pdftex.def)             Requested size: 258.0pt x 136.89006pt.

Overfull \hbox (6.0pt too wide) in paragraph at lines 227--228
 [][] 
 []

<assets/2-subset.png, id=51, 338.76563pt x 79.04532pt>
File: assets/2-subset.png Graphic file (type png)
<use assets/2-subset.png>
Package pdftex.def Info: assets/2-subset.png  used on input line 236.
(pdftex.def)             Requested size: 258.0pt x 60.20169pt.

Overfull \hbox (6.0pt too wide) in paragraph at lines 236--237
 [][] 
 []

<assets/2-large.png, id=52, 347.79938pt x 88.07906pt>
File: assets/2-large.png Graphic file (type png)
<use assets/2-large.png>
Package pdftex.def Info: assets/2-large.png  used on input line 243.
(pdftex.def)             Requested size: 258.0pt x 65.34009pt.

Overfull \hbox (6.0pt too wide) in paragraph at lines 243--244
 [][] 
 []


LaTeX Warning: `h' float specifier changed to `ht'.


Underfull \hbox (badness 2662) in paragraph at lines 248--249
[]\OT1/ptm/m/n/11 The par-al-lel im-ple-men-ta-tion shows a sig-nif-i-cant
 []

[5 <./assets/unoptim-sum.png> <./assets/optim-sum.png> <./assets/1-subset.png> <./assets/1-large.png> <./assets/correct-device.png> <./assets/2-subset.png>]
LaTeX Font Info:    Trying to load font information for OT1+pcr on input line 264.
 (/usr/share/texlive/texmf-dist/tex/latex/psnfss/ot1pcr.fd
File: ot1pcr.fd 2001/06/04 font definitions for OT1/pcr.
)
Underfull \hbox (badness 5490) in paragraph at lines 280--281
\OT1/ptm/m/n/11 and uti-liza-tion of all avail-able CUDA cores is
 []


Underfull \hbox (badness 10000) in paragraph at lines 280--281

 []


Underfull \hbox (badness 3302) in paragraph at lines 282--283
[]\OT1/ptm/m/n/11 However, this the-o-ret-i-cal speedup rep-re-sents an
 []


Underfull \hbox (badness 10000) in paragraph at lines 282--283

 []


Underfull \hbox (badness 10000) in paragraph at lines 284--285

 []


Underfull \hbox (badness 2644) in paragraph at lines 298--299
\OT1/ptm/m/n/11 Flat-ten-ing the vol-ume, en-sur-ing cor-rect row-major
 []


Underfull \hbox (badness 1867) in paragraph at lines 298--299
\OT1/ptm/m/n/11 in-dex-ing, and ac-cess-ing the cor-rect data for each
 []


Underfull \hbox (badness 10000) in paragraph at lines 298--299
\OT1/ptm/m/n/11 thread proved com-plex. Ad-di-tion-ally, man-ag-ing
 []


Underfull \hbox (badness 1590) in paragraph at lines 298--299
\OT1/ptm/m/n/11 syn-chro-niza-tion and swap-ping of in-put and out-put
 []


Underfull \hbox (badness 5274) in paragraph at lines 298--299
\OT1/ptm/m/n/11 point-ers to pro-cess data ac-cu-rately was ini-tially
 []


Underfull \hbox (badness 10000) in paragraph at lines 298--299

 []

[6 <./assets/2-large.png>] (./CCE3015-Assignment2.aux) ) 
Here is how much of TeX's memory you used:
 4568 strings out of 480171
 81037 string characters out of 5894489
 374020 words of memory out of 5000000
 22449 multiletter control sequences out of 15000+600000
 505314 words of font info for 95 fonts, out of 8000000 for 9000
 63 hyphenation exceptions out of 8191
 55i,11n,63p,809b,229s stack positions out of 5000i,500n,10000p,200000b,80000s
{/usr/share/texlive/texmf-dist/fonts/enc/dvips/base/8r.enc}</usr/share/texlive/texmf-dist/fonts/type1/public/amsfonts/cm/cmex10.pfb></usr/share/texlive/texmf-dist/fonts/type1/public/amsfonts/cm/cmmi10.pfb></usr/share/texlive/texmf-dist/fonts/type1/public/amsfonts/cm/cmmi8.pfb></usr/share/texlive/texmf-dist/fonts/type1/public/amsfonts/cm/cmr10.pfb></usr/share/texlive/texmf-dist/fonts/type1/public/amsfonts/cm/cmr8.pfb></usr/share/texlive/texmf-dist/fonts/type1/public/amsfonts/cm/cmsy10.pfb></usr/share/texlive/texmf-dist/fonts/type1/public/amsfonts/cm/cmsy8.pfb></usr/share/texlive/texmf-dist/fonts/type1/urw/courier/ucrr8a.pfb></usr/share/texlive/texmf-dist/fonts/type1/urw/times/utmb8a.pfb></usr/share/texlive/texmf-dist/fonts/type1/urw/times/utmbi8a.pfb></usr/share/texlive/texmf-dist/fonts/type1/urw/times/utmr8a.pfb>
Output written on CCE3015-Assignment2.pdf (6 pages, 895699 bytes).
PDF statistics:
 114 PDF objects out of 1000 (max. 8388607)
 49 compressed objects within 1 object stream
 0 named destinations out of 1000 (max. 500000)
 86 words of extra memory for PDF output out of 10000 (max. 10000000)

