nvcc: NVIDIA (R) Cuda compiler driver
Copyright (c) 2005-2023 NVIDIA Corporation
Built on Fri_Jan__6_16:45:21_PST_2023
Cuda compilation tools, release 12.0, V12.0.140
Build cuda_12.0.r12.0/compiler.32267302_0
Fri Jan 17 11:25:07 2025       
+---------------------------------------------------------------------------------------+
| NVIDIA-SMI 535.183.01             Driver Version: 535.183.01   CUDA Version: 12.2     |
|-----------------------------------------+----------------------+----------------------+
| GPU  Name                 Persistence-M | Bus-Id        Disp.A | Volatile Uncorr. ECC |
| Fan  Temp   Perf          Pwr:Usage/Cap |         Memory-Usage | GPU-Util  Compute M. |
|                                         |                      |               MIG M. |
|=========================================+======================+======================|
|   0  NVIDIA GeForce RTX 3060        On  | 00000000:01:00.0 Off |                  N/A |
|  0%   52C    P8              17W / 170W |    142MiB / 12288MiB |      0%      Default |
|                                         |                      |                  N/A |
+-----------------------------------------+----------------------+----------------------+
                                                                                         
+---------------------------------------------------------------------------------------+
| Processes:                                                                            |
|  GPU   GI   CI        PID   Type   Process name                            GPU Memory |
|        ID   ID                                                             Usage      |
|=======================================================================================|
|    0   N/A  N/A    544112      G   /usr/lib/xorg/Xorg                           80MiB |
|    0   N/A  N/A    544265      G   /usr/bin/gnome-shell                         56MiB |
+---------------------------------------------------------------------------------------+
rm -rf bin
mkdir -p bin
nvcc -arch=sm_70 -std=c++17 -O2 -Iinclude -c src/assignment-2.cu -o bin/assignment-2.o
nvcc -arch=sm_70 -std=c++17 -O2 -Iinclude bin/assignment-2.o -o bin/assignment-2
