This is pdfTeX, Version 3.141592653-2.6-1.40.22 (TeX Live 2022/dev/Debian) (preloaded format=pdflatex 2024.3.30)  9 NOV 2024 18:11
entering extended mode
 restricted \write18 enabled.
 file:line:error style messages enabled.
 %&-line parsing enabled.
**/home/grahampelle/cce3015/assignment-1/_latex/CCE3015-Assignment1.tex
(/home/grahampelle/cce3015/assignment-1/_latex/CCE3015-Assignment1.tex
LaTeX2e <2021-11-15> patch level 1
L3 programming layer <2022-01-21> (/usr/share/texlive/texmf-dist/tex/latex/base/article.cls
Document Class: article 2021/10/04 v1.4n Standard LaTeX document class
(/usr/share/texlive/texmf-dist/tex/latex/base/size10.clo
File: size10.clo 2021/10/04 v1.4n Standard LaTeX file (size option)
)
\c@part=\count185
\c@section=\count186
\c@subsection=\count187
\c@subsubsection=\count188
\c@paragraph=\count189
\c@subparagraph=\count190
\c@figure=\count191
\c@table=\count192
\abovecaptionskip=\skip47
\belowcaptionskip=\skip48
\bibindent=\dimen138
) (/usr/share/texlive/texmf-dist/tex/latex/float/float.sty
Package: float 2001/11/08 v1.3d Float enhancements (AL)
\c@float@type=\count193
\float@exts=\toks16
\float@box=\box50
\@float@everytoks=\toks17
\@floatcapt=\box51
) (/usr/share/texlive/texmf-dist/tex/latex/graphics/graphicx.sty
Package: graphicx 2021/09/16 v1.2d Enhanced LaTeX Graphics (DPC,SPQR)
 (/usr/share/texlive/texmf-dist/tex/latex/graphics/keyval.sty
Package: keyval 2014/10/28 v1.15 key=value parser (DPC)
\KV@toks@=\toks18
) (/usr/share/texlive/texmf-dist/tex/latex/graphics/graphics.sty
Package: graphics 2021/03/04 v1.4d Standard LaTeX Graphics (DPC,SPQR)
 (/usr/share/texlive/texmf-dist/tex/latex/graphics/trig.sty
Package: trig 2021/08/11 v1.11 sin cos tan (DPC)
) (/usr/share/texlive/texmf-dist/tex/latex/graphics-cfg/graphics.cfg
File: graphics.cfg 2016/06/04 v1.11 sample graphics configuration
)
Package graphics Info: Driver file: pdftex.def on input line 107.
 (/usr/share/texlive/texmf-dist/tex/latex/graphics-def/pdftex.def
File: pdftex.def 2020/10/05 v1.2a Graphics/color driver for pdftex
))
\Gin@req@height=\dimen139
\Gin@req@width=\dimen140
) (/usr/share/texlive/texmf-dist/tex/latex/hyperref/hyperref.sty
Package: hyperref 2021-06-07 v7.00m Hypertext links for LaTeX
 (/usr/share/texlive/texmf-dist/tex/generic/ltxcmds/ltxcmds.sty
Package: ltxcmds 2020-05-10 v1.25 LaTeX kernel commands for general use (HO)
) (/usr/share/texlive/texmf-dist/tex/generic/iftex/iftex.sty
Package: iftex 2020/03/06 v1.0d TeX engine tests
) (/usr/share/texlive/texmf-dist/tex/generic/pdftexcmds/pdftexcmds.sty
Package: pdftexcmds 2020-06-27 v0.33 Utility functions of pdfTeX for LuaTeX (HO)
 (/usr/share/texlive/texmf-dist/tex/generic/infwarerr/infwarerr.sty
Package: infwarerr 2019/12/03 v1.5 Providing info/warning/error messages (HO)
)
Package pdftexcmds Info: \pdf@primitive is available.
Package pdftexcmds Info: \pdf@ifprimitive is available.
Package pdftexcmds Info: \pdfdraftmode found.
) (/usr/share/texlive/texmf-dist/tex/generic/kvsetkeys/kvsetkeys.sty
Package: kvsetkeys 2019/12/15 v1.18 Key value parser (HO)
) (/usr/share/texlive/texmf-dist/tex/generic/kvdefinekeys/kvdefinekeys.sty
Package: kvdefinekeys 2019-12-19 v1.6 Define keys (HO)
) (/usr/share/texlive/texmf-dist/tex/generic/pdfescape/pdfescape.sty
Package: pdfescape 2019/12/09 v1.15 Implements pdfTeX's escape features (HO)
) (/usr/share/texlive/texmf-dist/tex/latex/hycolor/hycolor.sty
Package: hycolor 2020-01-27 v1.10 Color options for hyperref/bookmark (HO)
) (/usr/share/texlive/texmf-dist/tex/latex/letltxmacro/letltxmacro.sty
Package: letltxmacro 2019/12/03 v1.6 Let assignment for LaTeX macros (HO)
) (/usr/share/texlive/texmf-dist/tex/latex/auxhook/auxhook.sty
Package: auxhook 2019-12-17 v1.6 Hooks for auxiliary files (HO)
) (/usr/share/texlive/texmf-dist/tex/latex/kvoptions/kvoptions.sty
Package: kvoptions 2020-10-07 v3.14 Key value format for package options (HO)
)
\@linkdim=\dimen141
\Hy@linkcounter=\count194
\Hy@pagecounter=\count195
 (/usr/share/texlive/texmf-dist/tex/latex/hyperref/pd1enc.def
File: pd1enc.def 2021-06-07 v7.00m Hyperref: PDFDocEncoding definition (HO)
Now handling font encoding PD1 ...
... no UTF-8 mapping file for font encoding PD1
) (/usr/share/texlive/texmf-dist/tex/latex/hyperref/hyperref-langpatches.def
File: hyperref-langpatches.def 2021-06-07 v7.00m Hyperref: patches for babel languages
) (/usr/share/texlive/texmf-dist/tex/generic/intcalc/intcalc.sty
Package: intcalc 2019/12/15 v1.3 Expandable calculations with integers (HO)
) (/usr/share/texlive/texmf-dist/tex/generic/etexcmds/etexcmds.sty
Package: etexcmds 2019/12/15 v1.7 Avoid name clashes with e-TeX commands (HO)
)
\Hy@SavedSpaceFactor=\count196
 (/usr/share/texlive/texmf-dist/tex/latex/hyperref/puenc.def
File: puenc.def 2021-06-07 v7.00m Hyperref: PDF Unicode definition (HO)
Now handling font encoding PU ...
... no UTF-8 mapping file for font encoding PU
)
Package hyperref Info: Hyper figures OFF on input line 4192.
Package hyperref Info: Link nesting OFF on input line 4197.
Package hyperref Info: Hyper index ON on input line 4200.
Package hyperref Info: Plain pages OFF on input line 4207.
Package hyperref Info: Backreferencing OFF on input line 4212.
Package hyperref Info: Implicit mode ON; LaTeX internals redefined.
Package hyperref Info: Bookmarks ON on input line 4445.
\c@Hy@tempcnt=\count197
 (/usr/share/texlive/texmf-dist/tex/latex/url/url.sty
\Urlmuskip=\muskip16
Package: url 2013/09/16  ver 3.4  Verb mode for urls, etc.
)
LaTeX Info: Redefining \url on input line 4804.
\XeTeXLinkMargin=\dimen142
 (/usr/share/texlive/texmf-dist/tex/generic/bitset/bitset.sty
Package: bitset 2019/12/09 v1.3 Handle bit-vector datatype (HO)
 (/usr/share/texlive/texmf-dist/tex/generic/bigintcalc/bigintcalc.sty
Package: bigintcalc 2019/12/15 v1.5 Expandable calculations on big integers (HO)
))
\Fld@menulength=\count198
\Field@Width=\dimen143
\Fld@charsize=\dimen144
Package hyperref Info: Hyper figures OFF on input line 6076.
Package hyperref Info: Link nesting OFF on input line 6081.
Package hyperref Info: Hyper index ON on input line 6084.
Package hyperref Info: backreferencing OFF on input line 6091.
Package hyperref Info: Link coloring OFF on input line 6096.
Package hyperref Info: Link coloring with OCG OFF on input line 6101.
Package hyperref Info: PDF/A mode OFF on input line 6106.
LaTeX Info: Redefining \ref on input line 6146.
LaTeX Info: Redefining \pageref on input line 6150.
 (/usr/share/texlive/texmf-dist/tex/latex/base/atbegshi-ltx.sty
Package: atbegshi-ltx 2021/01/10 v1.0c Emulation of the original atbegshi
package with kernel methods
)
\Hy@abspage=\count199
\c@Item=\count266
\c@Hfootnote=\count267
)
Package hyperref Info: Driver (autodetected): hpdftex.
 (/usr/share/texlive/texmf-dist/tex/latex/hyperref/hpdftex.def
File: hpdftex.def 2021-06-07 v7.00m Hyperref driver for pdfTeX
 (/usr/share/texlive/texmf-dist/tex/latex/base/atveryend-ltx.sty
Package: atveryend-ltx 2020/08/19 v1.0a Emulation of the original atveryend package
with kernel methods
)
\Fld@listcount=\count268
\c@bookmark@seq@number=\count269
 (/usr/share/texlive/texmf-dist/tex/latex/rerunfilecheck/rerunfilecheck.sty
Package: rerunfilecheck 2019/12/05 v1.9 Rerun checks for auxiliary files (HO)
 (/usr/share/texlive/texmf-dist/tex/generic/uniquecounter/uniquecounter.sty
Package: uniquecounter 2019/12/15 v1.4 Provide unlimited unique counter (HO)
)
Package uniquecounter Info: New unique counter `rerunfilecheck' on input line 286.
)
\Hy@SectionHShift=\skip49
) (/usr/share/texlive/texmf-dist/tex/latex/amsmath/amsmath.sty
Package: amsmath 2021/10/15 v2.17l AMS math features
\@mathmargin=\skip50

For additional information on amsmath, use the `?' option.
(/usr/share/texlive/texmf-dist/tex/latex/amsmath/amstext.sty
Package: amstext 2021/08/26 v2.01 AMS text
 (/usr/share/texlive/texmf-dist/tex/latex/amsmath/amsgen.sty
File: amsgen.sty 1999/11/30 v2.0 generic functions
\@emptytoks=\toks19
\ex@=\dimen145
)) (/usr/share/texlive/texmf-dist/tex/latex/amsmath/amsbsy.sty
Package: amsbsy 1999/11/29 v1.2d Bold Symbols
\pmbraise@=\dimen146
) (/usr/share/texlive/texmf-dist/tex/latex/amsmath/amsopn.sty
Package: amsopn 2021/08/26 v2.02 operator names
)
\inf@bad=\count270
LaTeX Info: Redefining \frac on input line 234.
\uproot@=\count271
\leftroot@=\count272
LaTeX Info: Redefining \overline on input line 399.
\classnum@=\count273
\DOTSCASE@=\count274
LaTeX Info: Redefining \ldots on input line 496.
LaTeX Info: Redefining \dots on input line 499.
LaTeX Info: Redefining \cdots on input line 620.
\Mathstrutbox@=\box52
\strutbox@=\box53
\big@size=\dimen147
LaTeX Font Info:    Redeclaring font encoding OML on input line 743.
LaTeX Font Info:    Redeclaring font encoding OMS on input line 744.
\macc@depth=\count275
\c@MaxMatrixCols=\count276
\dotsspace@=\muskip17
\c@parentequation=\count277
\dspbrk@lvl=\count278
\tag@help=\toks20
\row@=\count279
\column@=\count280
\maxfields@=\count281
\andhelp@=\toks21
\eqnshift@=\dimen148
\alignsep@=\dimen149
\tagshift@=\dimen150
\tagwidth@=\dimen151
\totwidth@=\dimen152
\lineht@=\dimen153
\@envbody=\toks22
\multlinegap=\skip51
\multlinetaggap=\skip52
\mathdisplay@stack=\toks23
LaTeX Info: Redefining \[ on input line 2938.
LaTeX Info: Redefining \] on input line 2939.
) (/usr/share/texlive/texmf-dist/tex/latex/amsfonts/amssymb.sty
Package: amssymb 2013/01/14 v3.01 AMS font symbols
 (/usr/share/texlive/texmf-dist/tex/latex/amsfonts/amsfonts.sty
Package: amsfonts 2013/01/14 v3.01 Basic AMSFonts support
\symAMSa=\mathgroup4
\symAMSb=\mathgroup5
LaTeX Font Info:    Redeclaring math symbol \hbar on input line 98.
LaTeX Font Info:    Overwriting math alphabet `\mathfrak' in version `bold'
(Font)                  U/euf/m/n --> U/euf/b/n on input line 106.
)) (/usr/share/texlive/texmf-dist/tex/latex/l3backend/l3backend-pdftex.def
File: l3backend-pdftex.def 2022-01-12 L3 backend support: PDF output (pdfTeX)
\l__color_backend_stack_int=\count282
\l__pdf_internal_box=\box54
) (./CCE3015-Assignment1.aux)
\openout1 = `CCE3015-Assignment1.aux'.

LaTeX Font Info:    Checking defaults for OML/cmm/m/it on input line 12.
LaTeX Font Info:    ... okay on input line 12.
LaTeX Font Info:    Checking defaults for OMS/cmsy/m/n on input line 12.
LaTeX Font Info:    ... okay on input line 12.
LaTeX Font Info:    Checking defaults for OT1/cmr/m/n on input line 12.
LaTeX Font Info:    ... okay on input line 12.
LaTeX Font Info:    Checking defaults for T1/cmr/m/n on input line 12.
LaTeX Font Info:    ... okay on input line 12.
LaTeX Font Info:    Checking defaults for TS1/cmr/m/n on input line 12.
LaTeX Font Info:    ... okay on input line 12.
LaTeX Font Info:    Checking defaults for OMX/cmex/m/n on input line 12.
LaTeX Font Info:    ... okay on input line 12.
LaTeX Font Info:    Checking defaults for U/cmr/m/n on input line 12.
LaTeX Font Info:    ... okay on input line 12.
LaTeX Font Info:    Checking defaults for PD1/pdf/m/n on input line 12.
LaTeX Font Info:    ... okay on input line 12.
LaTeX Font Info:    Checking defaults for PU/pdf/m/n on input line 12.
LaTeX Font Info:    ... okay on input line 12.
 (/usr/share/texlive/texmf-dist/tex/context/base/mkii/supp-pdf.mkii
[Loading MPS to PDF converter (version 2006.09.02).]
\scratchcounter=\count283
\scratchdimen=\dimen154
\scratchbox=\box55
\nofMPsegments=\count284
\nofMParguments=\count285
\everyMPshowfont=\toks24
\MPscratchCnt=\count286
\MPscratchDim=\dimen155
\MPnumerator=\count287
\makeMPintoPDFobject=\count288
\everyMPtoPDFconversion=\toks25
) (/usr/share/texlive/texmf-dist/tex/latex/epstopdf-pkg/epstopdf-base.sty
Package: epstopdf-base 2020-01-24 v2.11 Base part for package epstopdf
Package epstopdf-base Info: Redefining graphics rule for `.eps' on input line 485.
 (/usr/share/texlive/texmf-dist/tex/latex/latexconfig/epstopdf-sys.cfg
File: epstopdf-sys.cfg 2010/07/13 v1.3 Configuration of (r)epstopdf for TeX Live
))
Package hyperref Info: Link coloring OFF on input line 12.
 (/usr/share/texlive/texmf-dist/tex/latex/hyperref/nameref.sty
Package: nameref 2021-04-02 v2.47 Cross-referencing by name of section
 (/usr/share/texlive/texmf-dist/tex/latex/refcount/refcount.sty
Package: refcount 2019/12/15 v3.6 Data extraction from label references (HO)
) (/usr/share/texlive/texmf-dist/tex/generic/gettitlestring/gettitlestring.sty
Package: gettitlestring 2019/12/15 v1.6 Cleanup title references (HO)
)
\c@section@level=\count289
)
LaTeX Info: Redefining \ref on input line 12.
LaTeX Info: Redefining \pageref on input line 12.
LaTeX Info: Redefining \nameref on input line 12.
 (./CCE3015-Assignment1.out) (./CCE3015-Assignment1.out)
\@outlinefile=\write3
\openout3 = `CCE3015-Assignment1.out'.

LaTeX Font Info:    Trying to load font information for U+msa on input line 15.
 (/usr/share/texlive/texmf-dist/tex/latex/amsfonts/umsa.fd
File: umsa.fd 2013/01/14 v3.01 AMS symbols A
)
LaTeX Font Info:    Trying to load font information for U+msb on input line 15.
 (/usr/share/texlive/texmf-dist/tex/latex/amsfonts/umsb.fd
File: umsb.fd 2013/01/14 v3.01 AMS symbols B
)
<assets/slices.png, id=61, 598.48593pt x 395.22656pt>
File: assets/slices.png Graphic file (type png)
<use assets/slices.png>
Package pdftex.def Info: assets/slices.png  used on input line 23.
(pdftex.def)             Requested size: 310.4979pt x 205.0486pt.
 [1

{/var/lib/texmf/fonts/map/pdftex/updmap/pdftex.map}]
Underfull \hbox (badness 10000) in paragraph at lines 28--29

 []


Underfull \hbox (badness 10000) in paragraph at lines 31--32

 []


Underfull \hbox (badness 10000) in paragraph at lines 33--34

 []


Underfull \hbox (badness 10000) in paragraph at lines 35--36

 []

<assets/dwt.png, id=75, 526.96875pt x 392.96812pt>
File: assets/dwt.png Graphic file (type png)
<use assets/dwt.png>
Package pdftex.def Info: assets/dwt.png  used on input line 40.
(pdftex.def)             Requested size: 276.00105pt x 205.82565pt.
[2 <./assets/slices.png>]
Underfull \hbox (badness 10000) in paragraph at lines 45--46

 []


Underfull \hbox (badness 10000) in paragraph at lines 47--48

 []

<assets/subbands.png, id=86, 588.69937pt x 205.5178pt>
File: assets/subbands.png Graphic file (type png)
<use assets/subbands.png>
Package pdftex.def Info: assets/subbands.png  used on input line 51.
(pdftex.def)             Requested size: 276.00105pt x 96.35191pt.
[3 <./assets/dwt.png>]
Underfull \hbox (badness 10000) in paragraph at lines 58--59

 []


Underfull \hbox (badness 10000) in paragraph at lines 60--61

 []


Underfull \hbox (badness 10000) in paragraph at lines 62--63

 []


Underfull \hbox (badness 10000) in paragraph at lines 65--66

 []

[4 <./assets/subbands.png>] [5]
Underfull \hbox (badness 10000) in paragraph at lines 73--74

 []


Underfull \hbox (badness 10000) in paragraph at lines 75--76

 []


Underfull \hbox (badness 10000) in paragraph at lines 77--78

 []


Underfull \hbox (badness 10000) in paragraph at lines 79--80

 []


Underfull \hbox (badness 10000) in paragraph at lines 82--83

 []


Underfull \hbox (badness 10000) in paragraph at lines 84--85

 []

[6]
Underfull \hbox (badness 10000) in paragraph at lines 86--87

 []


Underfull \hbox (badness 10000) in paragraph at lines 88--89

 []


Underfull \hbox (badness 10000) in paragraph at lines 90--91

 []


Underfull \hbox (badness 10000) in paragraph at lines 92--93

 []


Underfull \hbox (badness 10000) in paragraph at lines 97--98

 []


Underfull \hbox (badness 10000) in paragraph at lines 99--100

 []

[7]
Underfull \hbox (badness 10000) in paragraph at lines 101--102

 []


Underfull \hbox (badness 10000) in paragraph at lines 103--104

 []


Underfull \hbox (badness 10000) in paragraph at lines 105--106

 []

[8]
<assets/make_clean.png, id=118, 396.48125pt x 27.60312pt>
File: assets/make_clean.png Graphic file (type png)
<use assets/make_clean.png>
Package pdftex.def Info: assets/make_clean.png  used on input line 117.
(pdftex.def)             Requested size: 413.99895pt x 28.82323pt.

Overfull \hbox (68.99895pt too wide) in paragraph at lines 117--118
 [][] 
 []


Underfull \hbox (badness 10000) in paragraph at lines 122--123

 []

<assets/make.png, id=119, 563.60562pt x 39.64813pt>
File: assets/make.png Graphic file (type png)
<use assets/make.png>
Package pdftex.def Info: assets/make.png  used on input line 126.
(pdftex.def)             Requested size: 413.99895pt x 29.12376pt.

Overfull \hbox (68.99895pt too wide) in paragraph at lines 126--127
 [][] 
 []

<assets/make_release.png, id=120, 560.59438pt x 39.64813pt>
File: assets/make_release.png Graphic file (type png)
<use assets/make_release.png>
Package pdftex.def Info: assets/make_release.png  used on input line 133.
(pdftex.def)             Requested size: 413.99895pt x 29.28168pt.

Overfull \hbox (68.99895pt too wide) in paragraph at lines 133--134
 [][] 
 []


Underfull \hbox (badness 10000) in paragraph at lines 138--139

 []

<assets/make_debug.png, id=123, 527.47063pt x 38.1425pt>
File: assets/make_debug.png Graphic file (type png)
<use assets/make_debug.png>
Package pdftex.def Info: assets/make_debug.png  used on input line 142.
(pdftex.def)             Requested size: 413.99895pt x 29.93668pt.

Overfull \hbox (68.99895pt too wide) in paragraph at lines 142--143
 [][] 
 []


Underfull \hbox (badness 10000) in paragraph at lines 147--148

 []

<assets/make_check_headers.png, id=125, 439.6425pt x 41.15375pt>
File: assets/make_check_headers.png Graphic file (type png)
<use assets/make_check_headers.png>
Package pdftex.def Info: assets/make_check_headers.png  used on input line 151.
(pdftex.def)             Requested size: 413.99895pt x 38.75421pt.

Overfull \hbox (68.99895pt too wide) in paragraph at lines 151--152
 [][] 
 []

[9 <./assets/make_clean.png> <./assets/make.png> <./assets/make_release.png> <./assets/make_debug.png>]
Underfull \hbox (badness 10000) in paragraph at lines 156--157

 []

[10 <./assets/make_check_headers.png>]
Underfull \hbox (badness 10000) in paragraph at lines 171--172

 []

<assets/cpp-1-db1.png, id=147, 1134.639pt x 638.1441pt>
File: assets/cpp-1-db1.png Graphic file (type png)
<use assets/cpp-1-db1.png>
Package pdftex.def Info: assets/cpp-1-db1.png  used on input line 181.
(pdftex.def)             Requested size: 276.00105pt x 155.22202pt.
<assets/py-1-db1.png, id=148, 1134.639pt x 638.1441pt>
File: assets/py-1-db1.png Graphic file (type png)
<use assets/py-1-db1.png>
Package pdftex.def Info: assets/py-1-db1.png  used on input line 188.
(pdftex.def)             Requested size: 276.00105pt x 155.22202pt.

Overfull \hbox (72.91765pt too wide) in paragraph at lines 194--195
[]\OT1/cmr/m/n/10 Subband aaa - MSE: 5.184754738713458e-15, Eu-clidean Dis-tance: 0.00011511619231896475 
 []

[11 <./assets/cpp-1-db1.png> <./assets/py-1-db1.png>]
Overfull \hbox (68.47319pt too wide) in paragraph at lines 195--196
[]\OT1/cmr/m/n/10 Subband aad - MSE: 1.237035213846882e-12, Eu-clidean Dis-tance: 0.0017780977068468928 
 []


Overfull \hbox (68.47319pt too wide) in paragraph at lines 196--197
[]\OT1/cmr/m/n/10 Subband ada - MSE: 5.124077702943486e-13, Eu-clidean Dis-tance: 0.0011443720431998372 
 []


Overfull \hbox (69.02875pt too wide) in paragraph at lines 197--198
[]\OT1/cmr/m/n/10 Subband add - MSE: 7.0118897667337254e-12, Eu-clidean Dis-tance: 0.004233064129948616 
 []


Overfull \hbox (68.47319pt too wide) in paragraph at lines 198--199
[]\OT1/cmr/m/n/10 Subband daa - MSE: 3.29426664712109e-14, Eu-clidean Dis-tance: 0.00029016935150139034 
 []


Overfull \hbox (59.02872pt too wide) in paragraph at lines 199--200
[]\OT1/cmr/m/n/10 Subband dad - MSE: 9.42445448938456e-14, Eu-clidean Dis-tance: 0.000490792328491807 
 []


Overfull \hbox (64.02873pt too wide) in paragraph at lines 200--201
[]\OT1/cmr/m/n/10 Subband dda - MSE: 9.70302289036995e-13, Eu-clidean Dis-tance: 0.0015747473808005452 
 []


Overfull \hbox (69.5843pt too wide) in paragraph at lines 201--202
[]\OT1/cmr/m/n/10 Subband ddd - MSE: 2.938679302070396e-13, Eu-clidean Dis-tance: 0.0008666514186188579 
 []

<assets/cpp-1-db2.png, id=157, 1134.639pt x 638.1441pt>
File: assets/cpp-1-db2.png Graphic file (type png)
<use assets/cpp-1-db2.png>
Package pdftex.def Info: assets/cpp-1-db2.png  used on input line 213.
(pdftex.def)             Requested size: 276.00105pt x 155.22202pt.
<assets/py-1-db2.png, id=158, 1134.639pt x 638.1441pt>
File: assets/py-1-db2.png Graphic file (type png)
<use assets/py-1-db2.png>
Package pdftex.def Info: assets/py-1-db2.png  used on input line 220.
(pdftex.def)             Requested size: 276.00105pt x 155.22202pt.
[12 <./assets/cpp-1-db2.png>]
Overfull \hbox (40.1398pt too wide) in paragraph at lines 226--227
[]\OT1/cmr/m/n/10 Subband aaa - MSE: 0.34114518761634827, Eu-clidean Dis-tance: 933.7196655273438 
 []


Overfull \hbox (40.69536pt too wide) in paragraph at lines 227--228
[]\OT1/cmr/m/n/10 Subband aad - MSE: 1.3752477169036865, Eu-clidean Dis-tance: 1874.7982177734375 
 []


Overfull \hbox (35.69534pt too wide) in paragraph at lines 228--229
[]\OT1/cmr/m/n/10 Subband ada - MSE: 0.8219887018203735, Eu-clidean Dis-tance: 1449.444580078125 
 []


Overfull \hbox (41.25092pt too wide) in paragraph at lines 229--230
[]\OT1/cmr/m/n/10 Subband add - MSE: 1.2700697183609009, Eu-clidean Dis-tance: 1801.6768798828125 
 []


Overfull \hbox (40.69536pt too wide) in paragraph at lines 230--231
[]\OT1/cmr/m/n/10 Subband daa - MSE: 0.4385218620300293, Eu-clidean Dis-tance: 1058.6290283203125 
 []


Overfull \hbox (21.25085pt too wide) in paragraph at lines 231--232
[]\OT1/cmr/m/n/10 Subband dad - MSE: 0.8035810589790344, Eu-clidean Dis-tance: 1433.107421875 
 []


Overfull \hbox (41.25092pt too wide) in paragraph at lines 232--233
[]\OT1/cmr/m/n/10 Subband dda - MSE: 0.8032531142234802, Eu-clidean Dis-tance: 1432.7926025390625 
 []


Overfull \hbox (36.80646pt too wide) in paragraph at lines 233--234
[]\OT1/cmr/m/n/10 Subband ddd - MSE: 0.5720685720443726, Eu-clidean Dis-tance: 1209.139404296875 
 []

<assets/cpp-2-db3.png, id=165, 1134.639pt x 638.1441pt>
File: assets/cpp-2-db3.png Graphic file (type png)
<use assets/cpp-2-db3.png>
Package pdftex.def Info: assets/cpp-2-db3.png  used on input line 244.
(pdftex.def)             Requested size: 276.00105pt x 155.22202pt.
[13 <./assets/py-1-db2.png>]
<assets/py-2-db3.png, id=174, 1134.639pt x 638.1441pt>
File: assets/py-2-db3.png Graphic file (type png)
<use assets/py-2-db3.png>
Package pdftex.def Info: assets/py-2-db3.png  used on input line 251.
(pdftex.def)             Requested size: 276.00105pt x 155.22202pt.

Overfull \hbox (35.13979pt too wide) in paragraph at lines 257--258
[]\OT1/cmr/m/n/10 Subband aaa - MSE: 0.5933269262313843, Eu-clidean Dis-tance: 440.9319763183594 
 []


Overfull \hbox (35.69534pt too wide) in paragraph at lines 258--259
[]\OT1/cmr/m/n/10 Subband aad - MSE: 1.3555747270584106, Eu-clidean Dis-tance: 666.4804077148438 
 []


Overfull \hbox (35.69534pt too wide) in paragraph at lines 259--260
[]\OT1/cmr/m/n/10 Subband ada - MSE: 1.3116660118103027, Eu-clidean Dis-tance: 655.5968627929688 
 []


Overfull \hbox (36.2509pt too wide) in paragraph at lines 260--261
[]\OT1/cmr/m/n/10 Subband add - MSE: 1.2220373153686523, Eu-clidean Dis-tance: 632.8031616210938 
 []


Overfull \hbox (35.69534pt too wide) in paragraph at lines 261--262
[]\OT1/cmr/m/n/10 Subband daa - MSE: 1.3143343925476074, Eu-clidean Dis-tance: 656.2611083984375 
 []


Overfull \hbox (31.25089pt too wide) in paragraph at lines 262--263
[]\OT1/cmr/m/n/10 Subband dad - MSE: 1.300540804862976, Eu-clidean Dis-tance: 652.8126220703125 
 []


Overfull \hbox (36.2509pt too wide) in paragraph at lines 263--264
[]\OT1/cmr/m/n/10 Subband dda - MSE: 1.2866054773330688, Eu-clidean Dis-tance: 649.3057861328125 
 []


Overfull \hbox (36.80646pt too wide) in paragraph at lines 264--265
[]\OT1/cmr/m/n/10 Subband ddd - MSE: 1.2334144115447998, Eu-clidean Dis-tance: 635.7376708984375 
 []

[14 <./assets/cpp-2-db3.png> <./assets/py-2-db3.png>]
<assets/cpp-3-db2.png, id=183, 1134.639pt x 638.1441pt>
File: assets/cpp-3-db2.png Graphic file (type png)
<use assets/cpp-3-db2.png>
Package pdftex.def Info: assets/cpp-3-db2.png  used on input line 276.
(pdftex.def)             Requested size: 276.00105pt x 155.22202pt.
<assets/py-3-db2.png, id=184, 1134.639pt x 638.1441pt>
File: assets/py-3-db2.png Graphic file (type png)
<use assets/py-3-db2.png>
Package pdftex.def Info: assets/py-3-db2.png  used on input line 283.
(pdftex.def)             Requested size: 276.00105pt x 155.22202pt.

Overfull \hbox (40.1398pt too wide) in paragraph at lines 289--290
[]\OT1/cmr/m/n/10 Subband aaa - MSE: 0.6106096506118774, Eu-clidean Dis-tance: 158.14723205566406 
 []


Overfull \hbox (25.69531pt too wide) in paragraph at lines 290--291
[]\OT1/cmr/m/n/10 Subband aad - MSE: 1.35321044921875, Eu-clidean Dis-tance: 235.4304962158203 
 []


Overfull \hbox (30.69533pt too wide) in paragraph at lines 291--292
[]\OT1/cmr/m/n/10 Subband ada - MSE: 1.3130872249603271, Eu-clidean Dis-tance: 231.913818359375 
 []


Overfull \hbox (36.2509pt too wide) in paragraph at lines 292--293
[]\OT1/cmr/m/n/10 Subband add - MSE: 1.164674162864685, Eu-clidean Dis-tance: 218.41477966308594 
 []


Overfull \hbox (30.69533pt too wide) in paragraph at lines 293--294
[]\OT1/cmr/m/n/10 Subband daa - MSE: 1.380114197731018, Eu-clidean Dis-tance: 237.7592315673828 
 []


Overfull \hbox (31.25089pt too wide) in paragraph at lines 294--295
[]\OT1/cmr/m/n/10 Subband dad - MSE: 1.256959080696106, Eu-clidean Dis-tance: 226.9029998779297 
 []

[15 <./assets/cpp-3-db2.png> <./assets/py-3-db2.png>]
Overfull \hbox (41.25092pt too wide) in paragraph at lines 295--296
[]\OT1/cmr/m/n/10 Subband dda - MSE: 1.3253566026687622, Eu-clidean Dis-tance: 232.99488830566406 
 []


Overfull \hbox (36.80646pt too wide) in paragraph at lines 296--297
[]\OT1/cmr/m/n/10 Subband ddd - MSE: 1.2182940244674683, Eu-clidean Dis-tance: 223.3861846923828 
 []

[16] (./CCE3015-Assignment1.bbl) [17] (./CCE3015-Assignment1.aux)
Package rerunfilecheck Info: File `CCE3015-Assignment1.out' has not changed.
(rerunfilecheck)             Checksum: 2280BB922A78F0FC81B2B930C6DD4DA5;2029.
 ) 
Here is how much of TeX's memory you used:
 9611 strings out of 478287
 148508 string characters out of 5849289
 435590 words of memory out of 5000000
 27618 multiletter control sequences out of 15000+600000
 477971 words of font info for 62 fonts, out of 8000000 for 9000
 1141 hyphenation exceptions out of 8191
 60i,7n,63p,890b,393s stack positions out of 5000i,500n,10000p,200000b,80000s
{/usr/share/texmf/fonts/enc/dvips/cm-super/cm-super-ts1.enc}</usr/share/texlive/texmf-dist/fonts/type1/public/amsfonts/cm/cmbx10.pfb></usr/share/texlive/texmf-dist/fonts/type1/public/amsfonts/cm/cmbx12.pfb></usr/share/texlive/texmf-dist/fonts/type1/public/amsfonts/cm/cmr10.pfb></usr/share/texlive/texmf-dist/fonts/type1/public/amsfonts/cm/cmr12.pfb></usr/share/texlive/texmf-dist/fonts/type1/public/amsfonts/cm/cmr17.pfb></usr/share/texlive/texmf-dist/fonts/type1/public/amsfonts/cm/cmr5.pfb></usr/share/texlive/texmf-dist/fonts/type1/public/amsfonts/cm/cmti10.pfb></usr/share/texlive/texmf-dist/fonts/type1/public/amsfonts/cm/cmtt10.pfb></usr/share/texmf/fonts/type1/public/cm-super/sfrm1000.pfb>
Output written on CCE3015-Assignment1.pdf (17 pages, 4112348 bytes).
PDF statistics:
 260 PDF objects out of 1000 (max. 8388607)
 189 compressed objects within 2 object streams
 52 named destinations out of 1000 (max. 500000)
 193 words of extra memory for PDF output out of 10000 (max. 10000000)

