In file included from src/../include/dwt.cu:11,
                 from src/main.cpp:4:
src/../include/../include/kernels.cu: In function ‘void row_kernel(float*, float*, size_t, size_t, size_t, size_t)’:
src/../include/../include/kernels.cu:12:16: error: ‘blockIdx’ was not declared in this scope
   12 |     size_t d = blockIdx.z * blockDim.z + threadIdx.z;
      |                ^~~~~~~~
src/../include/../include/kernels.cu:12:29: error: ‘blockDim’ was not declared in this scope
   12 |     size_t d = blockIdx.z * blockDim.z + threadIdx.z;
      |                             ^~~~~~~~
src/../include/../include/kernels.cu:12:42: error: ‘threadIdx’ was not declared in this scope
   12 |     size_t d = blockIdx.z * blockDim.z + threadIdx.z;
      |                                          ^~~~~~~~~
src/../include/../include/kernels.cu: In function ‘void col_kernel(float*, float*, size_t, size_t, size_t, size_t)’:
src/../include/../include/kernels.cu:39:16: error: ‘blockIdx’ was not declared in this scope
   39 |     size_t d = blockIdx.z * blockDim.z + threadIdx.z;
      |                ^~~~~~~~
src/../include/../include/kernels.cu:39:29: error: ‘blockDim’ was not declared in this scope
   39 |     size_t d = blockIdx.z * blockDim.z + threadIdx.z;
      |                             ^~~~~~~~
src/../include/../include/kernels.cu:39:42: error: ‘threadIdx’ was not declared in this scope
   39 |     size_t d = blockIdx.z * blockDim.z + threadIdx.z;
      |                                          ^~~~~~~~~
src/../include/../include/kernels.cu: In function ‘void depth_kernel(float*, float*, size_t, size_t, size_t, size_t)’:
src/../include/../include/kernels.cu:66:16: error: ‘blockIdx’ was not declared in this scope
   66 |     size_t r = blockIdx.z * blockDim.z + threadIdx.z;
      |                ^~~~~~~~
src/../include/../include/kernels.cu:66:29: error: ‘blockDim’ was not declared in this scope
   66 |     size_t r = blockIdx.z * blockDim.z + threadIdx.z;
      |                             ^~~~~~~~
src/../include/../include/kernels.cu:66:42: error: ‘threadIdx’ was not declared in this scope
   66 |     size_t r = blockIdx.z * blockDim.z + threadIdx.z;
      |                                          ^~~~~~~~~
src/../include/../include/kernels.cu: In function ‘void map_kernel(float*, float*, size_t, size_t, size_t)’:
src/../include/../include/kernels.cu:94:13: error: ‘blockIdx’ was not declared in this scope
   94 |     int d = blockIdx.z * blockDim.z + threadIdx.z;
      |             ^~~~~~~~
src/../include/../include/kernels.cu:94:26: error: ‘blockDim’ was not declared in this scope
   94 |     int d = blockIdx.z * blockDim.z + threadIdx.z;
      |                          ^~~~~~~~
src/../include/../include/kernels.cu:94:39: error: ‘threadIdx’ was not declared in this scope
   94 |     int d = blockIdx.z * blockDim.z + threadIdx.z;
      |                                       ^~~~~~~~~
src/../include/../include/kernels.cu:98:11: warning: comparison of integer expressions of different signedness: ‘int’ and ‘size_t’ {aka ‘long unsigned int’} [-Wsign-compare]
   98 |     if (d < depth && r < rows && c < cols) {
      |         ~~^~~~~~~
src/../include/../include/kernels.cu:98:24: warning: comparison of integer expressions of different signedness: ‘int’ and ‘size_t’ {aka ‘long unsigned int’} [-Wsign-compare]
   98 |     if (d < depth && r < rows && c < cols) {
      |                      ~~^~~~~~
src/../include/../include/kernels.cu:98:36: warning: comparison of integer expressions of different signedness: ‘int’ and ‘size_t’ {aka ‘long unsigned int’} [-Wsign-compare]
   98 |     if (d < depth && r < rows && c < cols) {
      |                                  ~~^~~~~~
In file included from src/main.cpp:4:
src/../include/dwt.cu: In function ‘void dwt_3d(float*, size_t, size_t, size_t, size_t)’:
src/../include/dwt.cu:137:17: error: expected primary-expression before ‘<’ token
  137 |     row_kernel<<<row_grid, blockDim, filter_size * sizeof(float) * 2>>>(d_data1, d_data2, filter_size, depth, rows, cols);
      |                 ^
src/../include/dwt.cu:137:71: error: expected primary-expression before ‘>’ token
  137 |     row_kernel<<<row_grid, blockDim, filter_size * sizeof(float) * 2>>>(d_data1, d_data2, filter_size, depth, rows, cols);
      |                                                                       ^
src/../include/dwt.cu:137:73: warning: left operand of comma operator has no effect [-Wunused-value]
  137 |     row_kernel<<<row_grid, blockDim, filter_size * sizeof(float) * 2>>>(d_data1, d_data2, filter_size, depth, rows, cols);
      |                                                                         ^~~~~~~
src/../include/dwt.cu:137:91: warning: right operand of comma operator has no effect [-Wunused-value]
  137 |     row_kernel<<<row_grid, blockDim, filter_size * sizeof(float) * 2>>>(d_data1, d_data2, filter_size, depth, rows, cols);
      |                                                                                           ^~~~~~~~~~~
src/../include/dwt.cu:137:104: warning: right operand of comma operator has no effect [-Wunused-value]
  137 |     row_kernel<<<row_grid, blockDim, filter_size * sizeof(float) * 2>>>(d_data1, d_data2, filter_size, depth, rows, cols);
      |                                                                                                        ^~~~~
src/../include/dwt.cu:137:111: warning: right operand of comma operator has no effect [-Wunused-value]
  137 |     row_kernel<<<row_grid, blockDim, filter_size * sizeof(float) * 2>>>(d_data1, d_data2, filter_size, depth, rows, cols);
      |                                                                                                               ^~~~
src/../include/dwt.cu:137:117: warning: right operand of comma operator has no effect [-Wunused-value]
  137 |     row_kernel<<<row_grid, blockDim, filter_size * sizeof(float) * 2>>>(d_data1, d_data2, filter_size, depth, rows, cols);
      |                                                                                                                     ^~~~
src/../include/dwt.cu:142:17: error: expected primary-expression before ‘<’ token
  142 |     col_kernel<<<col_grid, blockDim, filter_size * sizeof(float) * 2>>>(d_data2, d_data1,filter_size, depth, rows, cols);
      |                 ^
src/../include/dwt.cu:142:71: error: expected primary-expression before ‘>’ token
  142 |     col_kernel<<<col_grid, blockDim, filter_size * sizeof(float) * 2>>>(d_data2, d_data1,filter_size, depth, rows, cols);
      |                                                                       ^
src/../include/dwt.cu:142:73: warning: left operand of comma operator has no effect [-Wunused-value]
  142 |     col_kernel<<<col_grid, blockDim, filter_size * sizeof(float) * 2>>>(d_data2, d_data1,filter_size, depth, rows, cols);
      |                                                                         ^~~~~~~
src/../include/dwt.cu:142:90: warning: right operand of comma operator has no effect [-Wunused-value]
  142 |     col_kernel<<<col_grid, blockDim, filter_size * sizeof(float) * 2>>>(d_data2, d_data1,filter_size, depth, rows, cols);
      |                                                                                          ^~~~~~~~~~~
src/../include/dwt.cu:142:103: warning: right operand of comma operator has no effect [-Wunused-value]
  142 |     col_kernel<<<col_grid, blockDim, filter_size * sizeof(float) * 2>>>(d_data2, d_data1,filter_size, depth, rows, cols);
      |                                                                                                       ^~~~~
src/../include/dwt.cu:142:110: warning: right operand of comma operator has no effect [-Wunused-value]
  142 |     col_kernel<<<col_grid, blockDim, filter_size * sizeof(float) * 2>>>(d_data2, d_data1,filter_size, depth, rows, cols);
      |                                                                                                              ^~~~
src/../include/dwt.cu:142:116: warning: right operand of comma operator has no effect [-Wunused-value]
  142 |     col_kernel<<<col_grid, blockDim, filter_size * sizeof(float) * 2>>>(d_data2, d_data1,filter_size, depth, rows, cols);
      |                                                                                                                    ^~~~
src/../include/dwt.cu:147:19: error: expected primary-expression before ‘<’ token
  147 |     depth_kernel<<<depth_grid, blockDim, filter_size * sizeof(float) * 2>>>(d_data1, d_data2, filter_size, depth, rows, cols);
      |                   ^
src/../include/dwt.cu:147:75: error: expected primary-expression before ‘>’ token
  147 |     depth_kernel<<<depth_grid, blockDim, filter_size * sizeof(float) * 2>>>(d_data1, d_data2, filter_size, depth, rows, cols);
      |                                                                           ^
src/../include/dwt.cu:147:77: warning: left operand of comma operator has no effect [-Wunused-value]
  147 |     depth_kernel<<<depth_grid, blockDim, filter_size * sizeof(float) * 2>>>(d_data1, d_data2, filter_size, depth, rows, cols);
      |                                                                             ^~~~~~~
src/../include/dwt.cu:147:95: warning: right operand of comma operator has no effect [-Wunused-value]
  147 |     depth_kernel<<<depth_grid, blockDim, filter_size * sizeof(float) * 2>>>(d_data1, d_data2, filter_size, depth, rows, cols);
      |                                                                                               ^~~~~~~~~~~
src/../include/dwt.cu:147:108: warning: right operand of comma operator has no effect [-Wunused-value]
  147 |     depth_kernel<<<depth_grid, blockDim, filter_size * sizeof(float) * 2>>>(d_data1, d_data2, filter_size, depth, rows, cols);
      |                                                                                                            ^~~~~
src/../include/dwt.cu:147:115: warning: right operand of comma operator has no effect [-Wunused-value]
  147 |     depth_kernel<<<depth_grid, blockDim, filter_size * sizeof(float) * 2>>>(d_data1, d_data2, filter_size, depth, rows, cols);
      |                                                                                                                   ^~~~
src/../include/dwt.cu:147:121: warning: right operand of comma operator has no effect [-Wunused-value]
  147 |     depth_kernel<<<depth_grid, blockDim, filter_size * sizeof(float) * 2>>>(d_data1, d_data2, filter_size, depth, rows, cols);
      |                                                                                                                         ^~~~
src/../include/dwt.cu:152:17: error: expected primary-expression before ‘<’ token
  152 |     map_kernel<<<map_grid, blockDim>>>(d_volume, d_data2, depth, rows, cols);
      |                 ^
src/../include/dwt.cu:152:38: error: expected primary-expression before ‘>’ token
  152 |     map_kernel<<<map_grid, blockDim>>>(d_volume, d_data2, depth, rows, cols);
      |                                      ^
src/../include/dwt.cu:152:40: warning: left operand of comma operator has no effect [-Wunused-value]
  152 |     map_kernel<<<map_grid, blockDim>>>(d_volume, d_data2, depth, rows, cols);
      |                                        ^~~~~~~~
src/../include/dwt.cu:152:59: warning: right operand of comma operator has no effect [-Wunused-value]
  152 |     map_kernel<<<map_grid, blockDim>>>(d_volume, d_data2, depth, rows, cols);
      |                                                           ^~~~~
src/../include/dwt.cu:152:66: warning: right operand of comma operator has no effect [-Wunused-value]
  152 |     map_kernel<<<map_grid, blockDim>>>(d_volume, d_data2, depth, rows, cols);
      |                                                                  ^~~~
src/../include/dwt.cu:152:72: warning: right operand of comma operator has no effect [-Wunused-value]
  152 |     map_kernel<<<map_grid, blockDim>>>(d_volume, d_data2, depth, rows, cols);
      |                                                                        ^~~~
make: *** [Makefile:55: bin/main.o] Error 1
/var/spool/slurmd/job40711/slurm_script: line 34: ./bin/assignment-2: No such file or directory
/var/spool/slurmd/job40711/slurm_script: line 37: ./bin/assignment-2: No such file or directory
